<?xml version="1.0" encoding="UTF-8"?>
<testng-results skipped="0" failed="1" ignored="0" total="1" passed="0">
  <reporter-output>
  </reporter-output>
  <suite name="Default suite" duration-ms="16331" started-at="2020-05-08T11:41:39Z" finished-at="2020-05-08T11:41:55Z">
    <groups>
    </groups>
    <test name="Default test" duration-ms="16331" started-at="2020-05-08T11:41:39Z" finished-at="2020-05-08T11:41:55Z">
      <class name="com.google.qa.testcases.TC_001">
        <test-method status="FAIL" signature="openBrowser()[pri:0, instance:com.google.qa.testcases.TC_001@3bfdc050]" name="openBrowser" duration-ms="16287" started-at="2020-05-08T11:41:39Z" finished-at="2020-05-08T11:41:55Z">
          <exception class="org.openqa.selenium.SessionNotCreatedException">
            <message>
              <![CDATA[session not created
from chrome not reachable
  (Session info: MicrosoftEdge=81.0.416.72)
Build info: version: '3.141.59', revision: 'e82be7d358', time: '2018-11-14T08:17:03'
System info: host: 'SHAPAN-HP', ip: '192.168.1.237', os.name: 'Windows 10', os.arch: 'amd64', os.version: '10.0', java.version: '1.8.0_101'
Driver info: driver.version: EdgeDriver
remote stacktrace: Backtrace:
Ordinal0 [0x00007FF7150E7532+3634482]
Ordinal0 [0x00007FF714E9B7B7+1226679]
Ordinal0 [0x00007FF714E925E0+1189344]
Ordinal0 [0x00007FF714E931A5+1192357]
Ordinal0 [0x00007FF714E94459+1197145]
Ordinal0 [0x00007FF714E8EF4E+1175374]
Ordinal0 [0x00007FF714E1F71D+718621]
Ordinal0 [0x00007FF714E1BA6F+703087]
Ordinal0 [0x00007FF714DF62F3+549619]
Ordinal0 [0x00007FF714DF70BE+553150]
Ordinal0 [0x00007FF7150164AF+2778287]
GetHandleVerifier [0x00007FF7151B4EA3+691443]
GetHandleVerifier [0x00007FF7151B4BFE+690766]
GetHandleVerifier [0x00007FF7151C9E4C+777372]
GetHandleVerifier [0x00007FF7151B59D0+694304]
Ordinal0 [0x00007FF71500A6F7+2729719]
Ordinal0 [0x00007FF715018770+2787184]
Ordinal0 [0x00007FF715038AF2+2919154]
BaseThreadInitThunk [0x00007FFC83247BD4+20]
RtlUserThreadStart [0x00007FFC84D0CE51+33]
]]>
            </message>
            <full-stacktrace>
              <![CDATA[org.openqa.selenium.SessionNotCreatedException: session not created
from chrome not reachable
  (Session info: MicrosoftEdge=81.0.416.72)
Build info: version: '3.141.59', revision: 'e82be7d358', time: '2018-11-14T08:17:03'
System info: host: 'SHAPAN-HP', ip: '192.168.1.237', os.name: 'Windows 10', os.arch: 'amd64', os.version: '10.0', java.version: '1.8.0_101'
Driver info: driver.version: EdgeDriver
remote stacktrace: Backtrace:
Ordinal0 [0x00007FF7150E7532+3634482]
Ordinal0 [0x00007FF714E9B7B7+1226679]
Ordinal0 [0x00007FF714E925E0+1189344]
Ordinal0 [0x00007FF714E931A5+1192357]
Ordinal0 [0x00007FF714E94459+1197145]
Ordinal0 [0x00007FF714E8EF4E+1175374]
Ordinal0 [0x00007FF714E1F71D+718621]
Ordinal0 [0x00007FF714E1BA6F+703087]
Ordinal0 [0x00007FF714DF62F3+549619]
Ordinal0 [0x00007FF714DF70BE+553150]
Ordinal0 [0x00007FF7150164AF+2778287]
GetHandleVerifier [0x00007FF7151B4EA3+691443]
GetHandleVerifier [0x00007FF7151B4BFE+690766]
GetHandleVerifier [0x00007FF7151C9E4C+777372]
GetHandleVerifier [0x00007FF7151B59D0+694304]
Ordinal0 [0x00007FF71500A6F7+2729719]
Ordinal0 [0x00007FF715018770+2787184]
Ordinal0 [0x00007FF715038AF2+2919154]
BaseThreadInitThunk [0x00007FFC83247BD4+20]
RtlUserThreadStart [0x00007FFC84D0CE51+33]

at sun.reflect.NativeConstructorAccessorImpl.newInstance0(Native Method)
at sun.reflect.NativeConstructorAccessorImpl.newInstance(Unknown Source)
at sun.reflect.DelegatingConstructorAccessorImpl.newInstance(Unknown Source)
at java.lang.reflect.Constructor.newInstance(Unknown Source)
at org.openqa.selenium.remote.W3CHandshakeResponse.lambda$errorHandler$0(W3CHandshakeResponse.java:62)
at org.openqa.selenium.remote.HandshakeResponse.lambda$getResponseFunction$0(HandshakeResponse.java:30)
at org.openqa.selenium.remote.ProtocolHandshake.lambda$createSession$0(ProtocolHandshake.java:126)
at java.util.stream.ReferencePipeline$3$1.accept(Unknown Source)
at java.util.Spliterators$ArraySpliterator.tryAdvance(Unknown Source)
at java.util.stream.ReferencePipeline.forEachWithCancel(Unknown Source)
at java.util.stream.AbstractPipeline.copyIntoWithCancel(Unknown Source)
at java.util.stream.AbstractPipeline.copyInto(Unknown Source)
at java.util.stream.AbstractPipeline.wrapAndCopyInto(Unknown Source)
at java.util.stream.FindOps$FindOp.evaluateSequential(Unknown Source)
at java.util.stream.AbstractPipeline.evaluate(Unknown Source)
at java.util.stream.ReferencePipeline.findFirst(Unknown Source)
at org.openqa.selenium.remote.ProtocolHandshake.createSession(ProtocolHandshake.java:128)
at org.openqa.selenium.remote.ProtocolHandshake.createSession(ProtocolHandshake.java:74)
at org.openqa.selenium.remote.HttpCommandExecutor.execute(HttpCommandExecutor.java:136)
at org.openqa.selenium.remote.service.DriverCommandExecutor.execute(DriverCommandExecutor.java:83)
at org.openqa.selenium.remote.RemoteWebDriver.execute(RemoteWebDriver.java:552)
at org.openqa.selenium.remote.RemoteWebDriver.startSession(RemoteWebDriver.java:213)
at org.openqa.selenium.remote.RemoteWebDriver.<init>(RemoteWebDriver.java:131)
at org.openqa.selenium.edge.EdgeDriver.<init>(EdgeDriver.java:141)
at org.openqa.selenium.edge.EdgeDriver.<init>(EdgeDriver.java:96)
at com.google.qa.testcases.TC_001.openBrowser(TC_001.java:25)
at sun.reflect.NativeMethodAccessorImpl.invoke0(Native Method)
at sun.reflect.NativeMethodAccessorImpl.invoke(Unknown Source)
at sun.reflect.DelegatingMethodAccessorImpl.invoke(Unknown Source)
at java.lang.reflect.Method.invoke(Unknown Source)
at org.testng.internal.MethodInvocationHelper.invokeMethod(MethodInvocationHelper.java:124)
at org.testng.internal.Invoker.invokeMethod(Invoker.java:583)
at org.testng.internal.Invoker.invokeTestMethod(Invoker.java:719)
at org.testng.internal.Invoker.invokeTestMethods(Invoker.java:989)
at org.testng.internal.TestMethodWorker.invokeTestMethods(TestMethodWorker.java:125)
at org.testng.internal.TestMethodWorker.run(TestMethodWorker.java:109)
at org.testng.TestRunner.privateRun(TestRunner.java:648)
at org.testng.TestRunner.run(TestRunner.java:505)
at org.testng.SuiteRunner.runTest(SuiteRunner.java:455)
at org.testng.SuiteRunner.runSequentially(SuiteRunner.java:450)
at org.testng.SuiteRunner.privateRun(SuiteRunner.java:415)
at org.testng.SuiteRunner.run(SuiteRunner.java:364)
at org.testng.SuiteRunnerWorker.runSuite(SuiteRunnerWorker.java:52)
at org.testng.SuiteRunnerWorker.run(SuiteRunnerWorker.java:84)
at org.testng.TestNG.runSuitesSequentially(TestNG.java:1208)
at org.testng.TestNG.runSuitesLocally(TestNG.java:1137)
at org.testng.TestNG.runSuites(TestNG.java:1049)
at org.testng.TestNG.run(TestNG.java:1017)
at org.testng.remote.AbstractRemoteTestNG.run(AbstractRemoteTestNG.java:115)
at org.testng.remote.RemoteTestNG.initAndRun(RemoteTestNG.java:251)
at org.testng.remote.RemoteTestNG.main(RemoteTestNG.java:77)
]]>
            </full-stacktrace>
          </exception> <!-- org.openqa.selenium.SessionNotCreatedException -->
          <reporter-output>
          </reporter-output>
        </test-method> <!-- openBrowser -->
      </class> <!-- com.google.qa.testcases.TC_001 -->
    </test> <!-- Default test -->
  </suite> <!-- Default suite -->
</testng-results>
