<?xml version="1.0" encoding="UTF-8"?>
<testng-results skipped="0" failed="0" ignored="0" total="1" passed="1">
  <reporter-output>
  </reporter-output>
  <suite name="Default suite" duration-ms="14278" started-at="2020-05-16T18:31:44 EDT" finished-at="2020-05-16T18:31:58 EDT">
    <groups>
    </groups>
    <test name="Default test" duration-ms="14278" started-at="2020-05-16T18:31:44 EDT" finished-at="2020-05-16T18:31:58 EDT">
      <class name="com.google.qa.testcases.DownloadByusingFirefox">
        <test-method status="PASS" signature="uploadtest()[pri:0, instance:com.google.qa.testcases.DownloadByusingFirefox@1efee8e7]" name="uploadtest" duration-ms="14195" started-at="2020-05-16T18:31:44 EDT" finished-at="2020-05-16T18:31:58 EDT">
          <reporter-output>
          </reporter-output>
        </test-method> <!-- uploadtest -->
      </class> <!-- com.google.qa.testcases.DownloadByusingFirefox -->
    </test> <!-- Default test -->
  </suite> <!-- Default suite -->
</testng-results>
